\BOOKMARK [0][-]{chapter*.1}{List of Figures}{}% 1
\BOOKMARK [0][-]{chapter*.2}{List of Tables}{}% 2
\BOOKMARK [0][-]{chapter*.3}{List Of Abbreviations}{}% 3
\BOOKMARK [0][-]{chapter.1}{Introduction}{}% 4
\BOOKMARK [1][-]{section.1.1}{Reason For Choosing Topic}{chapter.1}% 5
\BOOKMARK [1][-]{section.1.2}{Target Implementation}{chapter.1}% 6
\BOOKMARK [0][-]{chapter.2}{Related Works}{}% 7
\BOOKMARK [1][-]{section.2.1}{Introduction To Traditional Approaches}{chapter.2}% 8
\BOOKMARK [1][-]{section.2.2}{Others Modern Approaches}{chapter.2}% 9
\BOOKMARK [1][-]{section.2.3}{Conclusion And Determine The Problem}{chapter.2}% 10
\BOOKMARK [0][-]{chapter.3}{Materials And Methods}{}% 11
\BOOKMARK [1][-]{section.3.1}{HC18 Dataset}{chapter.3}% 12
\BOOKMARK [2][-]{subsection.3.1.1}{Description}{section.3.1}% 13
\BOOKMARK [2][-]{subsection.3.1.2}{Pre-processing}{section.3.1}% 14
\BOOKMARK [1][-]{section.3.2}{An Automatic System}{chapter.3}% 15
\BOOKMARK [0][-]{chapter.4}{Convolutional Neural Network}{}% 16
\BOOKMARK [1][-]{section.4.1}{A Brief History Of CNN}{chapter.4}% 17
\BOOKMARK [2][-]{subsection.4.1.1}{A CNN Architecture}{section.4.1}% 18
\BOOKMARK [2][-]{subsection.4.1.2}{Convolution Layer}{section.4.1}% 19
\BOOKMARK [2][-]{subsection.4.1.3}{Pooling Layer}{section.4.1}% 20
\BOOKMARK [2][-]{subsection.4.1.4}{Fully Connected Layer}{section.4.1}% 21
\BOOKMARK [2][-]{subsection.4.1.5}{Loss Function}{section.4.1}% 22
\BOOKMARK [2][-]{subsection.4.1.6}{Optimization Function}{section.4.1}% 23
\BOOKMARK [1][-]{section.4.2}{Gradient Descent}{chapter.4}% 24
\BOOKMARK [1][-]{section.4.3}{Multivariate Gradient Descent}{chapter.4}% 25
\BOOKMARK [1][-]{section.4.4}{Gradient Descent Variants}{chapter.4}% 26
\BOOKMARK [2][-]{subsection.4.4.1}{Batch Gradient Descent}{section.4.4}% 27
\BOOKMARK [2][-]{subsection.4.4.2}{Stochastic Gradient Descent}{section.4.4}% 28
\BOOKMARK [2][-]{subsection.4.4.3}{Mini-batch Gradient Descent}{section.4.4}% 29
\BOOKMARK [1][-]{section.4.5}{Momentum}{chapter.4}% 30
\BOOKMARK [1][-]{section.4.6}{RMSprop}{chapter.4}% 31
\BOOKMARK [1][-]{section.4.7}{Adam}{chapter.4}% 32
\BOOKMARK [0][-]{chapter.5}{Region Based Convolutional Neural Network}{}% 33
\BOOKMARK [1][-]{section.5.1}{The Problem Of Region Of Interest}{chapter.5}% 34
\BOOKMARK [1][-]{section.5.2}{The Original R-CNN}{chapter.5}% 35
\BOOKMARK [1][-]{section.5.3}{The Improvement In Fast R-CNN And Faster R-CNN}{chapter.5}% 36
\BOOKMARK [1][-]{section.5.4}{Region Proposal Network \(RPNs\)}{chapter.5}% 37
\BOOKMARK [2][-]{subsection.5.4.1}{Anchors}{section.5.4}% 38
\BOOKMARK [2][-]{subsection.5.4.2}{ROI Pool Layer}{section.5.4}% 39
\BOOKMARK [0][-]{chapter.6}{Mask R-CNN}{}% 40
\BOOKMARK [1][-]{section.6.1}{The problem with Faster R-CNN}{chapter.6}% 41
\BOOKMARK [1][-]{section.6.2}{An extended solving the problem - Mask R-CNN}{chapter.6}% 42
\BOOKMARK [2][-]{subsection.6.2.1}{Multi-task loss}{section.6.2}% 43
\BOOKMARK [2][-]{subsection.6.2.2}{Mask representation}{section.6.2}% 44
\BOOKMARK [2][-]{subsection.6.2.3}{RoI align}{section.6.2}% 45
\BOOKMARK [2][-]{subsection.6.2.4}{Mask R-CNN architecture}{section.6.2}% 46
\BOOKMARK [0][-]{chapter.7}{Implementation and Evaluation}{}% 47
\BOOKMARK [1][-]{section.7.1}{Training Mask R-CNN}{chapter.7}% 48
\BOOKMARK [2][-]{subsection.7.1.1}{Configuration setting}{section.7.1}% 49
\BOOKMARK [2][-]{subsection.7.1.2}{Training}{section.7.1}% 50
\BOOKMARK [2][-]{subsection.7.1.3}{Inference}{section.7.1}% 51
\BOOKMARK [1][-]{section.7.2}{Building the Restful API}{chapter.7}% 52
\BOOKMARK [2][-]{subsection.7.2.1}{Service Gateway}{section.7.2}% 53
\BOOKMARK [2][-]{subsection.7.2.2}{Center Processing}{section.7.2}% 54
\BOOKMARK [2][-]{subsection.7.2.3}{Mask Generator}{section.7.2}% 55
\BOOKMARK [2][-]{subsection.7.2.4}{Ellipse Fitter}{section.7.2}% 56
\BOOKMARK [2][-]{subsection.7.2.5}{Perimeter Estimator}{section.7.2}% 57
\BOOKMARK [2][-]{subsection.7.2.6}{Result}{section.7.2}% 58
\BOOKMARK [0][-]{chapter.8}{Conclusion}{}% 59
\BOOKMARK [1][-]{section.8.1}{Achieved result}{chapter.8}% 60
\BOOKMARK [1][-]{section.8.2}{Future development direction}{chapter.8}% 61
\BOOKMARK [0][-]{section.8.2}{REFERENCES}{}% 62
